# JRE version: OpenJDK Runtime Environment Temurin-21.0.10+7 (21.0.10+7) (build 21.0.10+7-LTS)
# Java VM: OpenJDK 64-Bit Server VM Temurin-21.0.10+7 (21.0.10+7-LTS, mixed mode, sharing, tiered, compressed oops, compressed class ptrs, parallel gc, windows-amd64)
GC Precious Log:
 CardTable entry size: 512
 CPUs: 12 total, 12 available
 Memory: 7518M
 Large Page Support: Disabled
 NUMA Support: Disabled
 Compressed Oops: Enabled (32-bit)
 Alignments: Space 512K, Generation 512K, Heap 2M
 Heap Min Capacity: 100M
 Heap Initial Capacity: 100M
 Heap Max Capacity: 2G
 Pre-touch: Disabled
 Parallel Workers: 10
Heap:
 PSYoungGen      total 9216K, used 1717K [0x00000000d5580000, 0x00000000d6280000, 0x0000000100000000)
  eden space 8704K, 14% used [0x00000000d5580000,0x00000000d56c5408,0x00000000d5e00000)
  from space 512K, 81% used [0x00000000d6200000,0x00000000d6268010,0x00000000d6280000)
  to   space 512K, 0% used [0x00000000d6180000,0x00000000d6180000,0x00000000d6200000)
 ParOldGen       total 996352K, used 987673K [0x0000000080000000, 0x00000000bcd00000, 0x00000000d5580000)
  object space 996352K, 99% used [0x0000000080000000,0x00000000bc486660,0x00000000bcd00000)
 Metaspace       used 95512K, committed 97408K, reserved 1179648K
  class space    used 11225K, committed 12160K, reserved 1048576K
GC Heap History (20 events):
Event: 4879.083 GC heap before
{Heap before GC invocations=2607 (full 4):
 PSYoungGen      total 9216K, used 9210K [0x00000000d5580000, 0x00000000d6280000, 0x0000000100000000)
  eden space 8704K, 100% used [0x00000000d5580000,0x00000000d5e00000,0x00000000d5e00000)
  from space 512K, 98% used [0x00000000d6200000,0x00000000d627eb20,0x00000000d6280000)
  to   space 1024K, 0% used [0x00000000d6080000,0x00000000d6080000,0x00000000d6180000)
 ParOldGen       total 996352K, used 979772K [0x0000000080000000, 0x00000000bcd00000, 0x00000000d5580000)
  object space 996352K, 98% used [0x0000000080000000,0x00000000bbccf1a0,0x00000000bcd00000)
 Metaspace       used 95408K, committed 97216K, reserved 1179648K
  class space    used 11220K, committed 12160K, reserved 1048576K
}
Event: 4879.095 GC heap after
{Heap after GC invocations=2607 (full 4):
 PSYoungGen      total 9728K, used 320K [0x00000000d5580000, 0x00000000d6280000, 0x0000000100000000)
  eden space 8704K, 0% used [0x00000000d5580000,0x00000000d5580000,0x00000000d5e00000)
  from space 1024K, 31% used [0x00000000d6080000,0x00000000d60d0000,0x00000000d6180000)
  to   space 512K, 0% used [0x00000000d6200000,0x00000000d6200000,0x00000000d6280000)
 ParOldGen       total 996352K, used 980231K [0x0000000080000000, 0x00000000bcd00000, 0x00000000d5580000)
  object space 996352K, 98% used [0x0000000080000000,0x00000000bbd41cc0,0x00000000bcd00000)
 Metaspace       used 95408K, committed 97216K, reserved 1179648K
  class space    used 11220K, committed 12160K, reserved 1048576K
}
Event: 4879.665 GC heap before
{Heap before GC invocations=2608 (full 4):
 PSYoungGen      total 9728K, used 9024K [0x00000000d5580000, 0x00000000d6280000, 0x0000000100000000)
  eden space 8704K, 100% used [0x00000000d5580000,0x00000000d5e00000,0x00000000d5e00000)
  from space 1024K, 31% used [0x00000000d6080000,0x00000000d60d0000,0x00000000d6180000)
  to   space 512K, 0% used [0x00000000d6200000,0x00000000d6200000,0x00000000d6280000)
 ParOldGen       total 996352K, used 986425K [0x0000000080000000, 0x00000000bcd00000, 0x00000000d5580000)
  object space 996352K, 99% used [0x0000000080000000,0x00000000bc34e470,0x00000000bcd00000)
 Metaspace       used 95408K, committed 97216K, reserved 1179648K
  class space    used 11220K, committed 12160K, reserved 1048576K
}
Event: 4879.670 GC heap after
{Heap after GC invocations=2608 (full 4):
 PSYoungGen      total 9216K, used 352K [0x00000000d5580000, 0x00000000d6280000, 0x0000000100000000)
  eden space 8704K, 0% used [0x00000000d5580000,0x00000000d5580000,0x00000000d5e00000)
  from space 512K, 68% used [0x00000000d6200000,0x00000000d6258000,0x00000000d6280000)
  to   space 512K, 0% used [0x00000000d6180000,0x00000000d6180000,0x00000000d6200000)
 ParOldGen       total 996352K, used 986633K [0x0000000080000000, 0x00000000bcd00000, 0x00000000d5580000)
  object space 996352K, 99% used [0x0000000080000000,0x00000000bc382470,0x00000000bcd00000)
 Metaspace       used 95408K, committed 97216K, reserved 1179648K
  class space    used 11220K, committed 12160K, reserved 1048576K
}
Event: 4879.690 GC heap before
{Heap before GC invocations=2609 (full 4):
 PSYoungGen      total 9216K, used 9056K [0x00000000d5580000, 0x00000000d6280000, 0x0000000100000000)
  eden space 8704K, 100% used [0x00000000d5580000,0x00000000d5e00000,0x00000000d5e00000)
  from space 512K, 68% used [0x00000000d6200000,0x00000000d6258000,0x00000000d6280000)
  to   space 512K, 0% used [0x00000000d6180000,0x00000000d6180000,0x00000000d6200000)
 ParOldGen       total 996352K, used 986633K [0x0000000080000000, 0x00000000bcd00000, 0x00000000d5580000)
  object space 996352K, 99% used [0x0000000080000000,0x00000000bc382470,0x00000000bcd00000)
 Metaspace       used 95408K, committed 97216K, reserved 1179648K
  class space    used 11220K, committed 12160K, reserved 1048576K
}
Event: 4879.695 GC heap after
{Heap after GC invocations=2609 (full 4):
 PSYoungGen      total 9216K, used 256K [0x00000000d5580000, 0x00000000d6280000, 0x0000000100000000)
  eden space 8704K, 0% used [0x00000000d5580000,0x00000000d5580000,0x00000000d5e00000)
  from space 512K, 50% used [0x00000000d6180000,0x00000000d61c0000,0x00000000d6200000)
  to   space 512K, 0% used [0x00000000d6200000,0x00000000d6200000,0x00000000d6280000)
 ParOldGen       total 996352K, used 986785K [0x0000000080000000, 0x00000000bcd00000, 0x00000000d5580000)
  object space 996352K, 99% used [0x0000000080000000,0x00000000bc3a8470,0x00000000bcd00000)
 Metaspace       used 95408K, committed 97216K, reserved 1179648K
  class space    used 11220K, committed 12160K, reserved 1048576K
}
Event: 4879.733 GC heap before
{Heap before GC invocations=2610 (full 4):
 PSYoungGen      total 9216K, used 8960K [0x00000000d5580000, 0x00000000d6280000, 0x0000000100000000)
  eden space 8704K, 100% used [0x00000000d5580000,0x00000000d5e00000,0x00000000d5e00000)
  from space 512K, 50% used [0x00000000d6180000,0x00000000d61c0000,0x00000000d6200000)
  to   space 512K, 0% used [0x00000000d6200000,0x00000000d6200000,0x00000000d6280000)
 ParOldGen       total 996352K, used 986785K [0x0000000080000000, 0x00000000bcd00000, 0x00000000d5580000)
  object space 996352K, 99% used [0x0000000080000000,0x00000000bc3a8470,0x00000000bcd00000)
 Metaspace       used 95408K, committed 97216K, reserved 1179648K
  class space    used 11220K, committed 12160K, reserved 1048576K
}
Event: 4879.738 GC heap after
{Heap after GC invocations=2610 (full 4):
 PSYoungGen      total 9216K, used 320K [0x00000000d5580000, 0x00000000d6280000, 0x0000000100000000)
  eden space 8704K, 0% used [0x00000000d5580000,0x00000000d5580000,0x00000000d5e00000)
  from space 512K, 62% used [0x00000000d6200000,0x00000000d6250000,0x00000000d6280000)
  to   space 512K, 0% used [0x00000000d6180000,0x00000000d6180000,0x00000000d6200000)
 ParOldGen       total 996352K, used 986865K [0x0000000080000000, 0x00000000bcd00000, 0x00000000d5580000)
  object space 996352K, 99% used [0x0000000080000000,0x00000000bc3bc470,0x00000000bcd00000)
 Metaspace       used 95408K, committed 97216K, reserved 1179648K
  class space    used 11220K, committed 12160K, reserved 1048576K
}
Event: 4879.752 GC heap before
{Heap before GC invocations=2611 (full 4):
 PSYoungGen      total 9216K, used 9024K [0x00000000d5580000, 0x00000000d6280000, 0x0000000100000000)
  eden space 8704K, 100% used [0x00000000d5580000,0x00000000d5e00000,0x00000000d5e00000)
  from space 512K, 62% used [0x00000000d6200000,0x00000000d6250000,0x00000000d6280000)
  to   space 512K, 0% used [0x00000000d6180000,0x00000000d6180000,0x00000000d6200000)
 ParOldGen       total 996352K, used 986865K [0x0000000080000000, 0x00000000bcd00000, 0x00000000d5580000)
  object space 996352K, 99% used [0x0000000080000000,0x00000000bc3bc470,0x00000000bcd00000)
 Metaspace       used 95408K, committed 97216K, reserved 1179648K
  class space    used 11220K, committed 12160K, reserved 1048576K
}
Event: 4879.756 GC heap after
{Heap after GC invocations=2611 (full 4):
 PSYoungGen      total 9216K, used 462K [0x00000000d5580000, 0x00000000d6280000, 0x0000000100000000)
  eden space 8704K, 0% used [0x00000000d5580000,0x00000000d5580000,0x00000000d5e00000)
  from space 512K, 90% used [0x00000000d6180000,0x00000000d61f3bf0,0x00000000d6200000)
  to   space 512K, 0% used [0x00000000d6200000,0x00000000d6200000,0x00000000d6280000)
 ParOldGen       total 996352K, used 986975K [0x0000000080000000, 0x00000000bcd00000, 0x00000000d5580000)
  object space 996352K, 99% used [0x0000000080000000,0x00000000bc3d7eb0,0x00000000bcd00000)
 Metaspace       used 95408K, committed 97216K, reserved 1179648K
  class space    used 11220K, committed 12160K, reserved 1048576K
}
Event: 4879.793 GC heap before
{Heap before GC invocations=2612 (full 4):
 PSYoungGen      total 9216K, used 9166K [0x00000000d5580000, 0x00000000d6280000, 0x0000000100000000)
  eden space 8704K, 100% used [0x00000000d5580000,0x00000000d5e00000,0x00000000d5e00000)
  from space 512K, 90% used [0x00000000d6180000,0x00000000d61f3bf0,0x00000000d6200000)
  to   space 512K, 0% used [0x00000000d6200000,0x00000000d6200000,0x00000000d6280000)
 ParOldGen       total 996352K, used 986975K [0x0000000080000000, 0x00000000bcd00000, 0x00000000d5580000)
  object space 996352K, 99% used [0x0000000080000000,0x00000000bc3d7eb0,0x00000000bcd00000)
 Metaspace       used 95408K, committed 97216K, reserved 1179648K
  class space    used 11220K, committed 12160K, reserved 1048576K
}
Event: 4879.796 GC heap after
{Heap after GC invocations=2612 (full 4):
 PSYoungGen      total 9216K, used 361K [0x00000000d5580000, 0x00000000d6280000, 0x0000000100000000)
  eden space 8704K, 0% used [0x00000000d5580000,0x00000000d5580000,0x00000000d5e00000)
  from space 512K, 70% used [0x00000000d6200000,0x00000000d625a400,0x00000000d6280000)
  to   space 512K, 0% used [0x00000000d6180000,0x00000000d6180000,0x00000000d6200000)
 ParOldGen       total 996352K, used 987015K [0x0000000080000000, 0x00000000bcd00000, 0x00000000d5580000)
  object space 996352K, 99% used [0x0000000080000000,0x00000000bc3e1eb0,0x00000000bcd00000)
 Metaspace       used 95408K, committed 97216K, reserved 1179648K
  class space    used 11220K, committed 12160K, reserved 1048576K
}
Event: 4879.813 GC heap before
{Heap before GC invocations=2613 (full 4):
 PSYoungGen      total 9216K, used 9065K [0x00000000d5580000, 0x00000000d6280000, 0x0000000100000000)
  eden space 8704K, 100% used [0x00000000d5580000,0x00000000d5e00000,0x00000000d5e00000)
  from space 512K, 70% used [0x00000000d6200000,0x00000000d625a400,0x00000000d6280000)
  to   space 512K, 0% used [0x00000000d6180000,0x00000000d6180000,0x00000000d6200000)
 ParOldGen       total 996352K, used 987015K [0x0000000080000000, 0x00000000bcd00000, 0x00000000d5580000)
  object space 996352K, 99% used [0x0000000080000000,0x00000000bc3e1eb0,0x00000000bcd00000)
 Metaspace       used 95408K, committed 97216K, reserved 1179648K
  class space    used 11220K, committed 12160K, reserved 1048576K
}
Event: 4879.816 GC heap after
{Heap after GC invocations=2613 (full 4):
 PSYoungGen      total 9216K, used 494K [0x00000000d5580000, 0x00000000d6280000, 0x0000000100000000)
  eden space 8704K, 0% used [0x00000000d5580000,0x00000000d5580000,0x00000000d5e00000)
  from space 512K, 96% used [0x00000000d6180000,0x00000000d61fbbf0,0x00000000d6200000)
  to   space 512K, 0% used [0x00000000d6200000,0x00000000d6200000,0x00000000d6280000)
 ParOldGen       total 996352K, used 987231K [0x0000000080000000, 0x00000000bcd00000, 0x00000000d5580000)
  object space 996352K, 99% used [0x0000000080000000,0x00000000bc417cf0,0x00000000bcd00000)
 Metaspace       used 95408K, committed 97216K, reserved 1179648K
  class space    used 11220K, committed 12160K, reserved 1048576K
}
Event: 4879.836 GC heap before
{Heap before GC invocations=2614 (full 4):
 PSYoungGen      total 9216K, used 9198K [0x00000000d5580000, 0x00000000d6280000, 0x0000000100000000)
  eden space 8704K, 100% used [0x00000000d5580000,0x00000000d5e00000,0x00000000d5e00000)
  from space 512K, 96% used [0x00000000d6180000,0x00000000d61fbbf0,0x00000000d6200000)
  to   space 512K, 0% used [0x00000000d6200000,0x00000000d6200000,0x00000000d6280000)
 ParOldGen       total 996352K, used 987231K [0x0000000080000000, 0x00000000bcd00000, 0x00000000d5580000)
  object space 996352K, 99% used [0x0000000080000000,0x00000000bc417cf0,0x00000000bcd00000)
 Metaspace       used 95408K, committed 97216K, reserved 1179648K
  class space    used 11220K, committed 12160K, reserved 1048576K
}
Event: 4879.840 GC heap after
{Heap after GC invocations=2614 (full 4):
 PSYoungGen      total 9216K, used 288K [0x00000000d5580000, 0x00000000d6280000, 0x0000000100000000)
  eden space 8704K, 0% used [0x00000000d5580000,0x00000000d5580000,0x00000000d5e00000)
  from space 512K, 56% used [0x00000000d6200000,0x00000000d6248000,0x00000000d6280000)
  to   space 512K, 0% used [0x00000000d6180000,0x00000000d6180000,0x00000000d6200000)
 ParOldGen       total 996352K, used 987303K [0x0000000080000000, 0x00000000bcd00000, 0x00000000d5580000)
  object space 996352K, 99% used [0x0000000080000000,0x00000000bc429cf0,0x00000000bcd00000)
 Metaspace       used 95408K, committed 97216K, reserved 1179648K
  class space    used 11220K, committed 12160K, reserved 1048576K
}
Event: 4881.258 GC heap before
{Heap before GC invocations=2615 (full 4):
 PSYoungGen      total 9216K, used 8992K [0x00000000d5580000, 0x00000000d6280000, 0x0000000100000000)
  eden space 8704K, 100% used [0x00000000d5580000,0x00000000d5e00000,0x00000000d5e00000)
  from space 512K, 56% used [0x00000000d6200000,0x00000000d6248000,0x00000000d6280000)
  to   space 512K, 0% used [0x00000000d6180000,0x00000000d6180000,0x00000000d6200000)
 ParOldGen       total 996352K, used 987303K [0x0000000080000000, 0x00000000bcd00000, 0x00000000d5580000)
  object space 996352K, 99% used [0x0000000080000000,0x00000000bc429cf0,0x00000000bcd00000)
 Metaspace       used 95468K, committed 97280K, reserved 1179648K
  class space    used 11225K, committed 12160K, reserved 1048576K
}
Event: 4881.267 GC heap after
{Heap after GC invocations=2615 (full 4):
 PSYoungGen      total 9216K, used 480K [0x00000000d5580000, 0x00000000d6280000, 0x0000000100000000)
  eden space 8704K, 0% used [0x00000000d5580000,0x00000000d5580000,0x00000000d5e00000)
  from space 512K, 93% used [0x00000000d6180000,0x00000000d61f8070,0x00000000d6200000)
  to   space 512K, 0% used [0x00000000d6200000,0x00000000d6200000,0x00000000d6280000)
 ParOldGen       total 996352K, used 987417K [0x0000000080000000, 0x00000000bcd00000, 0x00000000d5580000)
  object space 996352K, 99% used [0x0000000080000000,0x00000000bc446600,0x00000000bcd00000)
 Metaspace       used 95468K, committed 97280K, reserved 1179648K
  class space    used 11225K, committed 12160K, reserved 1048576K
}
Event: 5036.306 GC heap before
{Heap before GC invocations=2616 (full 4):
 PSYoungGen      total 9216K, used 9170K [0x00000000d5580000, 0x00000000d6280000, 0x0000000100000000)
  eden space 8704K, 99% used [0x00000000d5580000,0x00000000d5dfc898,0x00000000d5e00000)
  from space 512K, 93% used [0x00000000d6180000,0x00000000d61f8070,0x00000000d6200000)
  to   space 512K, 0% used [0x00000000d6200000,0x00000000d6200000,0x00000000d6280000)
 ParOldGen       total 996352K, used 987417K [0x0000000080000000, 0x00000000bcd00000, 0x00000000d5580000)
  object space 996352K, 99% used [0x0000000080000000,0x00000000bc446600,0x00000000bcd00000)
 Metaspace       used 95512K, committed 97408K, reserved 1179648K
  class space    used 11225K, committed 12160K, reserved 1048576K
}
Event: 5037.299 GC heap after
{Heap after GC invocations=2616 (full 4):
 PSYoungGen      total 9216K, used 416K [0x00000000d5580000, 0x00000000d6280000, 0x0000000100000000)
  eden space 8704K, 0% used [0x00000000d5580000,0x00000000d5580000,0x00000000d5e00000)
  from space 512K, 81% used [0x00000000d6200000,0x00000000d6268010,0x00000000d6280000)
  to   space 512K, 0% used [0x00000000d6180000,0x00000000d6180000,0x00000000d6200000)
 ParOldGen       total 996352K, used 987673K [0x0000000080000000, 0x00000000bcd00000, 0x00000000d5580000)
  object space 996352K, 99% used [0x0000000080000000,0x00000000bc486660,0x00000000bcd00000)
 Metaspace       used 95512K, committed 97408K, reserved 1179648K
  class space    used 11225K, committed 12160K, reserved 1048576K
}

